2 : The length of User ID is too long.
2 : ID is empty.
2 : Password is empty.
-5015:Password is empty.
-5015:Password is empty.
-5011:User is not found by that ID.
-5011:User is not found by that ID.
Array:Array
Array:Array
Array:Array
Array:Array
Array:Array
-5011:User is not found by that ID - lljk
-5011:User is not found by that ID - ljjlk
-5011:User is not found by that ID - 
-5011:User is not found by that ID - lkjjlkljkjlk
-5011:User is not found by that ID - 
-5011:User is not found by that ID - 
-5011:User is not found by that ID - 
-5011:User is not found by that ID - 
-5012:Wrong password.
-5012:Wrong password.
-5012:Wrong password.
-5011:User is not found by that ID - 
-5011:User is not found by that ID - 
-5011:User is not found by that ID - 
-5011:User is not found by that ID - lkjljkljk
-5011:User is not found by that ID - jkl
-5011:User is not found by that ID - sdfadsf
-5011:User is not found by that ID - asdjlk
-5011:User is not found by that ID - afdsf
-5011:User is not found by that ID - asdf
-5011:User is not found by that ID - asdf
-5011:User is not found by that ID - asdf
-5011:User is not found by that ID - asdf
-5012:Wrong password.
-5012:Wrong password.
-5012:Wrong password.
-5011:User is not found by that ID - asdf
-5011:User is not found by that ID - asdf
-5011:User is not found by that ID - asdf
-5011:User is not found by that ID - asdf
-5011:User is not found by that ID - asdf
-5011:User is not found by that ID - asdf
-5011:User is not found by that ID - asdf
-5011:User is not found by that ID - asdf
-5011:User is not found by that ID - asdf
-5011:User is not found by that ID - asdf
-5011:User is not found by that ID - asdf
-5011:User is not found by that ID - asdf
-5011:User is not found by that ID - asdf
-5011:User is not found by that ID - asdf
-5011:User is not found by that ID - asdf
-5011:User is not found by that ID - asdf
-5011:User is not found by that ID - asdf
-5011:User is not found by that ID - asdf
-5011:User is not found by that ID - asdf
-5011:User is not found by that ID - asdf
-5011:User is not found by that ID - akjlfkasdfjlk
-5012:Wrong password.
-5012:Wrong password.
-5012:Wrong password.
-5012:Wrong password.
-5012:Wrong password.
-5012:Wrong password.
-5012:Wrong password.
-5012:Wrong password.
-5011:User is not found by that ID - This is new id.
-5011:User is not found by that ID - This is new id.
-5011:User is not found by that ID - This is new id.
-5011:User is not found by that ID - This is new id.
-5011:User is not found by that ID - This is new id.
-5011:User is not found by that ID - This is new id.
-5011:User is not found by that ID - This is new id.
-5011:User is not found by that ID - This is new id.
-5011:User is not found by that ID - This is new id.
-5011:User is not found by that ID - This is new id.
-5011:User is not found by that ID - This is new id.
-5011:User is not found by that ID - This is new id.
-5011:User is not found by that ID - This is new id.
-5011:User is not found by that ID - This is new id.
-5011:User is not found by that ID - This is new id.
-5011:User is not found by that ID - This is new id.
-5011:User is not found by that ID - This is new id.
-5011:User is not found by that ID - This is new id.
-5011:User is not found by that ID - This is new id.
-5011:User is not found by that ID - This is new id.
-5011:User is not found by that ID - This is new id.
-5011:User is not found by that ID - This is new id.
-5011:User is not found by that ID - This is new id.
-5011:User is not found by that ID - This is new id.
-5011:User is not found by that ID - This is new id.
-5011:User is not found by that ID - This is new id.
-5011:User is not found by that ID - This is new id.
-5011:User is not found by that ID - This is new id.
-5011:User is not found by that ID - This is new id.
-5011:User is not found by that ID - This is new id.
-5011:User is not found by that ID - This is new id.
-5011:User is not found by that ID - This is new id.
-5011:User is not found by that ID - This is new id.
-5011:User is not found by that ID - This is new id.
-5011:User is not found by that ID - This is new id.
-5011:User is not found by that ID - This is new id.
-5011:User is not found by that ID - This is new id.
-5011:User is not found by that ID - This is new id.
-5011:User is not found by that ID - This is new id.
-5011:User is not found by that ID - This is new id.
-5011:User is not found by that ID - This is new id.
-5011:User is not found by that ID - This is new id.
-5011:User is not found by that ID - This is new id.
-5011:User is not found by that ID - This is new id.
-5011:User is not found by that ID - This is new id.
-5011:User is not found by that ID - This is new id.
-5011:User is not found by that ID - This is new id.
-5011:User is not found by that ID - This is new id.
-5011:User is not found by that ID - This is new id.
-5011:User is not found by that ID - This is new id.
-5011:User is not found by that ID - This is new id.
-5011:User is not found by that ID - This is new id.
-5011:User is not found by that ID - This is new id.
-5011:User is not found by that ID - This is new id.
-5011:User is not found by that ID - This is new id.
-5011:User is not found by that ID - This is new id.
-5011:User is not found by that ID - This is new id.
-5011:User is not found by that ID - This is new id.
-5011:User is not found by that ID - This is new id.
-5011:User is not found by that ID - This is new id.
-5011:User is not found by that ID - This is new id.
-5011:User is not found by that ID - This is new id.
-5011:User is not found by that ID - This is new id.
-5011:User is not found by that ID - This is new id.
-5011:User is not found by that ID - This is new id.
-5011:User is not found by that ID - This is new id.
-5011:User is not found by that ID - This is new id.
-5011:User is not found by that ID - This is new id.
-5011:User is not found by that ID - This is new id.
-5011:User is not found by that ID - This is new id.
-5011:User is not found by that ID - This is new id.
-5011:User is not found by that ID - This is new id.
-5011:User is not found by that ID - This is new id.
-5011:User is not found by that ID - This is new id.
-5011:User is not found by that ID - This is new id.
-5011:User is not found by that ID - This is new id.
-5012:Wrong password.
-5012:Wrong password.
-5012:Wrong password.
-5012:Wrong password.
-5012:Wrong password.
-5012:Wrong password.
-5012:Wrong password.
-5012:Wrong password.
-5012:Wrong password.
-5012:Wrong password.
-5012:Wrong password.
-5012:Wrong password.
-5015:Password is empty.
-5015:Password is empty.
-5015:Password is empty.
-5012:Wrong password.
-5015:Password is empty.
-5012:Wrong password.
-5015:Password is empty.
-5015:Password is empty.
-5015:Password is empty.
-5015:Password is empty.
-5015:Password is empty.
-5012:Wrong password.
-5012:Wrong password.
-5011:User is not found by that ID - asdfjasdjkf
-5011:User is not found by that ID - test1
-5011:User is not found by that ID - test
-5012:Wrong password.
-5012:Wrong password.
-5012:Wrong password.
-5012:Wrong password.
-5012:Wrong password.
-5012:Wrong password.
-5012:Wrong password.
-5012:Wrong password.
-5012:Wrong password.
-5012:Wrong password.
-5012:Wrong password.
-5012:Wrong password.
-5011:User is not found by that ID - test2
-5011:User is not found by that ID - test2
